<?xml version="1.0" encoding="UTF-8"?>
<!-- Generated by org.testng.reporters.JUnitReportReporter -->
<testsuite hostname="LAPTOP-ND9HOSUQ" failures="0" tests="1" name="scripts.practicescripts1.Orderreference1" time="26.732" errors="0" timestamp="2020-11-02T17:33:41 GMT" skipped="0">
  <testcase classname="scripts.practicescripts1.Orderreference1" name="Test12" time="26.732"/>
</testsuite> <!-- scripts.practicescripts1.Orderreference1 -->
