<?xml version="1.0" encoding="UTF-8"?>
<!-- Generated by org.testng.reporters.JUnitReportReporter -->
<testsuite hostname="LAPTOP-ND9HOSUQ" failures="0" tests="1" name="scripts.practicescripts1.procedtochekout" time="30.235" errors="0" timestamp="2020-10-30T21:27:48 GMT" skipped="0">
  <testcase classname="scripts.practicescripts1.procedtochekout" name="Test15" time="30.235"/>
</testsuite> <!-- scripts.practicescripts1.procedtochekout -->
