<?xml version="1.0" encoding="UTF-8"?>
<!-- Generated by org.testng.reporters.JUnitReportReporter -->
<testsuite hostname="LAPTOP-ND9HOSUQ" failures="0" tests="1" name="scripts.practicescripts1.Dresespage1" time="25.626" errors="0" timestamp="2020-10-30T22:25:11 GMT" skipped="0">
  <testcase classname="scripts.practicescripts1.Dresespage1" name="Test15" time="25.626"/>
</testsuite> <!-- scripts.practicescripts1.Dresespage1 -->
