<?xml version="1.0" encoding="UTF-8"?>
<!-- Generated by org.testng.reporters.JUnitReportReporter -->
<testsuite hostname="LAPTOP-ND9HOSUQ" failures="0" tests="1" name="scripts.practicescripts1.Myaccountpage1" time="16.408" errors="0" timestamp="2020-10-29T23:24:05 GMT" skipped="0">
  <testcase classname="scripts.practicescripts1.Myaccountpage1" name="Test8" time="16.408"/>
</testsuite> <!-- scripts.practicescripts1.Myaccountpage1 -->
