<?xml version="1.0" encoding="UTF-8"?>
<!-- Generated by org.testng.reporters.JUnitReportReporter -->
<testsuite hostname="LAPTOP-ND9HOSUQ" failures="0" tests="1" name="scripts.Whishlistpage" time="38.019" errors="0" timestamp="2020-10-14T19:53:11 BST" skipped="0">
  <testcase classname="scripts.Whishlistpage" name="Test2" time="38.019"/>
</testsuite> <!-- scripts.Whishlistpage -->
