<?xml version="1.0" encoding="UTF-8"?>
<!-- Generated by org.testng.reporters.JUnitReportReporter -->
<testsuite hostname="LAPTOP-ND9HOSUQ" failures="0" tests="1" name="scripts.Orderplacinghistory" time="18.514" errors="0" timestamp="2020-10-15T19:07:23 BST" skipped="0">
  <testcase classname="scripts.Orderplacinghistory" name="placedorder" time="18.514"/>
</testsuite> <!-- scripts.Orderplacinghistory -->
