<?xml version="1.0" encoding="UTF-8"?>
<!-- Generated by org.testng.reporters.JUnitReportReporter -->
<testsuite hostname="LAPTOP-ND9HOSUQ" failures="0" tests="1" name="scripts.practicescripts1.Signinpractice1" time="14.723" errors="0" timestamp="2020-10-30T18:37:45 GMT" skipped="0">
  <testcase classname="scripts.practicescripts1.Signinpractice1" name="Test7" time="14.723"/>
</testsuite> <!-- scripts.practicescripts1.Signinpractice1 -->
