<?xml version="1.0" encoding="UTF-8"?>
<!-- Generated by org.testng.reporters.JUnitReportReporter -->
<testsuite hostname="LAPTOP-ND9HOSUQ" failures="0" tests="1" name="scripts.practicescripts1.Orderhistory" time="19.759" errors="0" timestamp="2020-10-30T18:17:35 GMT" skipped="0">
  <testcase classname="scripts.practicescripts1.Orderhistory" name="Test12" time="19.759"/>
</testsuite> <!-- scripts.practicescripts1.Orderhistory -->
