<?xml version="1.0" encoding="UTF-8"?>
<!-- Generated by org.testng.reporters.JUnitReportReporter -->
<testsuite hostname="LAPTOP-ND9HOSUQ" failures="0" tests="1" name="scripts.Prodblouse" time="22.814" errors="0" timestamp="2020-10-15T19:04:12 BST" skipped="0">
  <testcase classname="scripts.Prodblouse" name="findingblouse" time="22.814"/>
</testsuite> <!-- scripts.Prodblouse -->
