<?xml version="1.0" encoding="UTF-8"?>
<!-- Generated by org.testng.reporters.JUnitReportReporter -->
<testsuite hostname="LAPTOP-ND9HOSUQ" failures="0" tests="1" name="scripts.practicescripts1.Shipingp1" time="42.376" errors="0" timestamp="2020-10-30T22:00:21 GMT" skipped="0">
  <testcase classname="scripts.practicescripts1.Shipingp1" name="Test14" time="42.376"/>
</testsuite> <!-- scripts.practicescripts1.Shipingp1 -->
